2022-01-21T12:01:24 (asr.sh:213:main) ./asr.sh --nbpe 1000 --stage 11 --stop_stage 12 --ngpu 8 --lang hi --local_data_opts --lang hi --use_lm false --token_type bpe --feats_type raw --asr_args --normalize_conf norm_vars=False  --asr_config conf_Conformer/train_asr_transformer.yaml --inference_config conf/decode_asr.yaml --train_set dataset92_clean --valid_set dataset24_clean --test_sets dataset12_clean --srctexts data/dataset92_clean/text --ngpu 4
2022-01-21T12:01:24 (asr.sh:784:main) Stage 6-8: Skip lm-related stages: use_lm=false
2022-01-21T12:01:24 (asr.sh:1029:main) Stage 11: Decoding: training_dir=exp_current/asr_train_asr_transformer_raw_bpe_normalize_confnorm_varsFalse
2022-01-21T12:01:24 (asr.sh:1054:main) Generate 'exp_current/asr_train_asr_transformer_raw_bpe_normalize_confnorm_varsFalse/decode_asr_asr_model_valid.acc.best/run.sh'. You can resume the process from stage 11 using this script
2022-01-21T12:01:24 (asr.sh:1083:main) Decoding started... log: 'exp_current/asr_train_asr_transformer_raw_bpe_normalize_confnorm_varsFalse/decode_asr_asr_model_valid.acc.best/dataset12_clean/logdir/asr_inference.*.log'
2022-01-21T15:37:41 (asr.sh:1106:main) Stage 12: Scoring
/nlsasfs/home/nltm-pilot/prabhar/espnet/espnet-master/tools/venv/bin/python3 /nlsasfs/home/nltm-pilot/prabhar/espnet/espnet-master/espnet2/bin/tokenize_text.py -f 2- --input - --output - --token_type char --non_linguistic_symbols none --remove_non_linguistic_symbols true --cleaner none
/nlsasfs/home/nltm-pilot/prabhar/espnet/espnet-master/tools/venv/bin/python3 /nlsasfs/home/nltm-pilot/prabhar/espnet/espnet-master/espnet2/bin/tokenize_text.py -f 2- --input - --output - --token_type char --non_linguistic_symbols none --remove_non_linguistic_symbols true
2022-01-21T15:37:59 (asr.sh:1206:main) Write cer result in exp_current/asr_train_asr_transformer_raw_bpe_normalize_confnorm_varsFalse/decode_asr_asr_model_valid.acc.best/dataset12_clean/score_cer/result.txt
|     SPKR       |     # Snt             # Wrd      |     Corr             Sub            Del             Ins            Err           S.Err     |
|     Sum/Avg    |      3435            415910      |     81.6             8.5            9.8             5.2           23.6            99.1     |
/nlsasfs/home/nltm-pilot/prabhar/espnet/espnet-master/tools/venv/bin/python3 /nlsasfs/home/nltm-pilot/prabhar/espnet/espnet-master/espnet2/bin/tokenize_text.py -f 2- --input - --output - --token_type word --non_linguistic_symbols none --remove_non_linguistic_symbols true --cleaner none
/nlsasfs/home/nltm-pilot/prabhar/espnet/espnet-master/tools/venv/bin/python3 /nlsasfs/home/nltm-pilot/prabhar/espnet/espnet-master/espnet2/bin/tokenize_text.py -f 2- --input - --output - --token_type word --non_linguistic_symbols none --remove_non_linguistic_symbols true
2022-01-21T15:38:04 (asr.sh:1206:main) Write wer result in exp_current/asr_train_asr_transformer_raw_bpe_normalize_confnorm_varsFalse/decode_asr_asr_model_valid.acc.best/dataset12_clean/score_wer/result.txt
|     SPKR        |     # Snt           # Wrd       |     Corr            Sub             Del            Ins             Err          S.Err      |
|     Sum/Avg     |      3435           85884       |     62.3           30.2             7.5            4.7            42.4           99.1      |
/nlsasfs/home/nltm-pilot/prabhar/espnet/espnet-master/tools/venv/bin/python3 /nlsasfs/home/nltm-pilot/prabhar/espnet/espnet-master/espnet2/bin/tokenize_text.py -f 2- --input - --output - --token_type bpe --bpemodel data/token_list/bpe_unigram1000/bpe.model --cleaner none
/nlsasfs/home/nltm-pilot/prabhar/espnet/espnet-master/tools/venv/bin/python3 /nlsasfs/home/nltm-pilot/prabhar/espnet/espnet-master/espnet2/bin/tokenize_text.py -f 2- --input - --output - --token_type bpe --bpemodel data/token_list/bpe_unigram1000/bpe.model --cleaner none
2022-01-21T15:38:11 (asr.sh:1206:main) Write ter result in exp_current/asr_train_asr_transformer_raw_bpe_normalize_confnorm_varsFalse/decode_asr_asr_model_valid.acc.best/dataset12_clean/score_ter/result.txt
|     SPKR        |     # Snt           # Wrd       |     Corr            Sub             Del            Ins             Err          S.Err      |
|     Sum/Avg     |      3435           150387      |     63.1           21.7            15.2            4.2            41.1           99.0      |
fatal: not a git repository (or any parent up to mount point /)
Stopping at filesystem boundary (GIT_DISCOVERY_ACROSS_FILESYSTEM not set).
fatal: not a git repository (or any parent up to mount point /)
Stopping at filesystem boundary (GIT_DISCOVERY_ACROSS_FILESYSTEM not set).
<!-- Generated by scripts/utils/show_asr_result.sh -->
# RESULTS
## Environments
- date: `Fri Jan 21 15:38:12 IST 2022`
- python version: `3.8.5 (default, Sep  4 2020, 07:30:14)  [GCC 7.3.0]`
- espnet version: `espnet 0.10.3a2`
- pytorch version: `pytorch 1.7.1`
- Git hash: ``
  - Commit date: ``

2022-01-21T15:38:19 (asr.sh:1307:main) Skip the uploading stages
2022-01-21T15:38:19 (asr.sh:1310:main) Successfully finished. [elapsed=13015s]
